{"@t":"2025-12-14T06:50:24.8766607Z","@mt":"Seq {SeqVersion} running on OS {OSCaption}","SeqVersion":"2025.2.15055","OSCaption":"Ubuntu 22.04.5 LTS","SourceContext":"Seq.Diagnostics.Logging.EnvironmentInformationWriter"}
{"@t":"2025-12-14T06:50:29.5133909Z","@mt":"Seq listening on {ListenUris}","ListenUris":["http://localhost/","https://localhost/","http://localhost:5341/","https://localhost:45341/"]}
{"@t":"2025-12-14T06:50:29.6899367Z","@mt":"Opening event store at {StreamPath}","StreamPath":"/data/Stream/stream.flare","SourceContext":"Seq.Engine.Cluster.NativeStorage"}
{"@t":"2025-12-14T06:50:30.0745781Z","@mt":"Opening metastore {MetastorePath}","MetastorePath":"/data/Documents/metastore.flare","SourceContext":"Seq.Metastore.Native.NativeDocumentStore"}
{"@t":"2025-12-14T06:50:30.1647804Z","@mt":"Initializing a new metastore","SourceContext":"Seq.Metastore.Native.NativeDocumentStore"}
{"@t":"2025-12-14T06:50:30.3477056Z","@mt":"Enabling username/password authentication, and using the supplied default admin password"}
{"@t":"2025-12-14T06:50:32.4749724Z","@mt":"Creating default workspace for {UserId}","UserId":"user-admin"}
{"@t":"2025-12-14T06:50:33.0333705Z","@mt":"Storage subsystem available"}
{"@t":"2025-12-14T06:50:33.0482812Z","@mt":"Storing new key {FriendlyName}","FriendlyName":"key-e459fc86-4a4c-4e91-b555-b4d14d8cced3"}
{"@t":"2025-12-14T06:50:33.0668158Z","@mt":"Loaded key {XmlKeyId} with friendly name {FriendlyName}","XmlKeyId":"xmlkey-18","FriendlyName":"key-e459fc86-4a4c-4e91-b555-b4d14d8cced3"}
{"@t":"2025-12-14T06:50:33.0855585Z","@mt":"Ingestion enabled","SourceContext":"Seq.Engine.Cluster.NativeStorage"}
{"@t":"2025-12-14T06:51:33.4483495Z","@sp":"a0ce55becc98064c","@tr":"5304fcc3a7144ef0153009eab43421b3","@mt":"Creating {IndexCount} missing index definitions","IndexCount":4,"SourceContext":"Seq.Engine.Queries.DataStore"}
{"@t":"2025-12-14T06:51:33.5286140Z","@sp":"a0ce55becc98064c","@tr":"5304fcc3a7144ef0153009eab43421b3","@mt":"Wrote {IndexSetCount} index sets","IndexSetCount":0,"SourceContext":"Seq.Server.Features.Indexing.EventStoreIndexer"}
{"@t":"2025-12-14T06:51:33.5302644Z","@sp":"a0ce55becc98064c","@tr":"5304fcc3a7144ef0153009eab43421b3","@mt":"Indexing with {Allocated:0.000} ms allowance","@r":["600000.000"],"Allocated":600000,"@st":"2025-12-14T06:51:33.2411375Z","SourceContext":"Seq.Server.Features.Indexing.EventStoreIndexer"}
{"@t":"2025-12-14T06:52:33.2454943Z","@sp":"159044bca63056ce","@tr":"6aa60f7c9f9c14c62babb5bc804202a7","@mt":"Wrote {IndexSetCount} index sets","IndexSetCount":0,"SourceContext":"Seq.Server.Features.Indexing.EventStoreIndexer"}
{"@t":"2025-12-14T06:52:33.2459192Z","@sp":"159044bca63056ce","@tr":"6aa60f7c9f9c14c62babb5bc804202a7","@mt":"Indexing with {Allocated:0.000} ms allowance","@r":["600000.000"],"Allocated":600000,"@st":"2025-12-14T06:52:33.2233428Z","SourceContext":"Seq.Server.Features.Indexing.EventStoreIndexer"}
{"@t":"2025-12-14T06:53:33.2339835Z","@sp":"781f466a8753e4cc","@tr":"80d176cc4bf233c883088a13373a6b92","@mt":"Wrote {IndexSetCount} index sets","IndexSetCount":0,"SourceContext":"Seq.Server.Features.Indexing.EventStoreIndexer"}
{"@t":"2025-12-14T06:53:33.2346364Z","@sp":"781f466a8753e4cc","@tr":"80d176cc4bf233c883088a13373a6b92","@mt":"Indexing with {Allocated:0.000} ms allowance","@r":["600000.000"],"Allocated":600000,"@st":"2025-12-14T06:53:33.2183553Z","SourceContext":"Seq.Server.Features.Indexing.EventStoreIndexer"}
{"@t":"2025-12-14T06:54:33.2246125Z","@sp":"6a8884d586a8489e","@tr":"78ea7c42347e14ee60da356b4665299c","@mt":"Wrote {IndexSetCount} index sets","IndexSetCount":0,"SourceContext":"Seq.Server.Features.Indexing.EventStoreIndexer"}
{"@t":"2025-12-14T06:54:33.2254116Z","@sp":"6a8884d586a8489e","@tr":"78ea7c42347e14ee60da356b4665299c","@mt":"Indexing with {Allocated:0.000} ms allowance","@r":["600000.000"],"Allocated":600000,"@st":"2025-12-14T06:54:33.2134662Z","SourceContext":"Seq.Server.Features.Indexing.EventStoreIndexer"}
{"@t":"2025-12-14T06:55:33.2211483Z","@sp":"a9923bcad7166018","@tr":"d98fe079e4bfb3617755a62543373df1","@mt":"Wrote {IndexSetCount} index sets","IndexSetCount":0,"SourceContext":"Seq.Server.Features.Indexing.EventStoreIndexer"}
{"@t":"2025-12-14T06:55:33.2225299Z","@sp":"a9923bcad7166018","@tr":"d98fe079e4bfb3617755a62543373df1","@mt":"Indexing with {Allocated:0.000} ms allowance","@r":["600000.000"],"Allocated":600000,"@st":"2025-12-14T06:55:33.2091894Z","SourceContext":"Seq.Server.Features.Indexing.EventStoreIndexer"}
{"@t":"2025-12-14T06:56:33.3120921Z","@sp":"cc1d815099007179","@tr":"f6770bd0998ff038baa5230ff5585add","@mt":"Wrote {IndexSetCount} index sets","IndexSetCount":0,"SourceContext":"Seq.Server.Features.Indexing.EventStoreIndexer"}
{"@t":"2025-12-14T06:56:33.3229145Z","@sp":"cc1d815099007179","@tr":"f6770bd0998ff038baa5230ff5585add","@mt":"Indexing with {Allocated:0.000} ms allowance","@r":["600000.000"],"Allocated":600000,"@st":"2025-12-14T06:56:33.2277436Z","SourceContext":"Seq.Server.Features.Indexing.EventStoreIndexer"}
{"@t":"2025-12-14T06:57:28.3660152Z","@mt":"Termination signal received"}
{"@t":"2025-12-14T06:57:28.4593454Z","@mt":"Stopping {Tasks} scheduled leader tasks","Tasks":18,"SourceContext":"Seq.Server.Tasks.TaskRunner"}
{"@t":"2025-12-14T06:57:28.5687102Z","@mt":"Stopping input channel","SourceContext":"Seq.Server.Features.Apps.Inputs.InputChannel"}
{"@t":"2025-12-14T06:57:28.6437361Z","@mt":"Shutting down input channel; {AcceptedCount} queued events will be written","AcceptedCount":0,"SourceContext":"Seq.Server.Features.Apps.Inputs.InputChannel"}
{"@t":"2025-12-14T06:57:28.6922248Z","@mt":"Stopping broadcast channel","SourceContext":"Seq.Engine.Broadcast.BroadcastChannel"}
{"@t":"2025-12-14T06:57:29.1744250Z","@mt":"Shutting down broadcast channel with {AllowableFlush} flushable event batches (+{Tolerance} tolerance)","AllowableFlush":0,"Tolerance":15,"SourceContext":"Seq.Engine.Broadcast.BroadcastChannel"}
{"@t":"2025-12-14T06:57:29.2193810Z","@mt":"Stopping alert processor","SourceContext":"Seq.Server.Features.Alerting.AlertProcessor"}
{"@t":"2025-12-14T06:58:03.6067427Z","@mt":"Seq {SeqVersion} running on OS {OSCaption}","SeqVersion":"2025.2.15055","OSCaption":"Ubuntu 22.04.5 LTS","SourceContext":"Seq.Diagnostics.Logging.EnvironmentInformationWriter"}
{"@t":"2025-12-14T06:58:05.3699601Z","@mt":"Seq listening on {ListenUris}","ListenUris":["http://localhost/","https://localhost/","http://localhost:5341/","https://localhost:45341/"]}
{"@t":"2025-12-14T06:58:05.3955384Z","@mt":"Opening event store at {StreamPath}","StreamPath":"/data/Stream/stream.flare","SourceContext":"Seq.Engine.Cluster.NativeStorage"}
{"@t":"2025-12-14T06:58:05.5613336Z","@mt":"Opening metastore {MetastorePath}","MetastorePath":"/data/Documents/metastore.flare","SourceContext":"Seq.Metastore.Native.NativeDocumentStore"}
{"@t":"2025-12-14T06:58:05.6848522Z","@mt":"Storage subsystem available"}
{"@t":"2025-12-14T06:58:05.6993060Z","@mt":"Loaded key {XmlKeyId} with friendly name {FriendlyName}","XmlKeyId":"xmlkey-18","FriendlyName":"key-e459fc86-4a4c-4e91-b555-b4d14d8cced3"}
{"@t":"2025-12-14T06:58:05.7271011Z","@mt":"Ingestion enabled","SourceContext":"Seq.Engine.Cluster.NativeStorage"}
{"@t":"2025-12-14T06:59:06.0063440Z","@sp":"dfb709d9ff73b225","@tr":"5dbf5b0a7c733962569a6b57405bb244","@mt":"Wrote {IndexSetCount} index sets","IndexSetCount":0,"SourceContext":"Seq.Server.Features.Indexing.EventStoreIndexer"}
{"@t":"2025-12-14T06:59:06.0108560Z","@sp":"dfb709d9ff73b225","@tr":"5dbf5b0a7c733962569a6b57405bb244","@mt":"Indexing with {Allocated:0.000} ms allowance","@r":["600000.000"],"Allocated":600000,"@st":"2025-12-14T06:59:05.8493877Z","SourceContext":"Seq.Server.Features.Indexing.EventStoreIndexer"}
{"@t":"2025-12-14T06:59:19.1121974Z","@mt":"Termination signal received"}
{"@t":"2025-12-14T06:59:19.1511826Z","@mt":"Stopping {Tasks} scheduled leader tasks","Tasks":18,"SourceContext":"Seq.Server.Tasks.TaskRunner"}
{"@t":"2025-12-14T06:59:19.1668591Z","@mt":"Stopping input channel","SourceContext":"Seq.Server.Features.Apps.Inputs.InputChannel"}
{"@t":"2025-12-14T06:59:19.9485561Z","@mt":"Shutting down input channel; {AcceptedCount} queued events will be written","AcceptedCount":0,"SourceContext":"Seq.Server.Features.Apps.Inputs.InputChannel"}
{"@t":"2025-12-14T06:59:19.9537852Z","@mt":"Stopping broadcast channel","SourceContext":"Seq.Engine.Broadcast.BroadcastChannel"}
{"@t":"2025-12-14T06:59:20.1163535Z","@mt":"Shutting down broadcast channel with {AllowableFlush} flushable event batches (+{Tolerance} tolerance)","AllowableFlush":0,"Tolerance":15,"SourceContext":"Seq.Engine.Broadcast.BroadcastChannel"}
{"@t":"2025-12-14T06:59:20.1183987Z","@mt":"Stopping alert processor","SourceContext":"Seq.Server.Features.Alerting.AlertProcessor"}
{"@t":"2025-12-14T06:59:20.2433386Z","@mt":"Server stopped cleanly"}
{"@t":"2025-12-14T07:04:14.4676749Z","@mt":"Seq {SeqVersion} running on OS {OSCaption}","SeqVersion":"2025.2.15055","OSCaption":"Ubuntu 22.04.5 LTS","SourceContext":"Seq.Diagnostics.Logging.EnvironmentInformationWriter"}
{"@t":"2025-12-14T07:04:17.2394055Z","@mt":"Seq listening on {ListenUris}","ListenUris":["http://localhost/","https://localhost/","http://localhost:5341/","https://localhost:45341/"]}
{"@t":"2025-12-14T07:04:17.2903809Z","@mt":"Opening event store at {StreamPath}","StreamPath":"/data/Stream/stream.flare","SourceContext":"Seq.Engine.Cluster.NativeStorage"}
{"@t":"2025-12-14T07:04:17.7389834Z","@mt":"Opening metastore {MetastorePath}","MetastorePath":"/data/Documents/metastore.flare","SourceContext":"Seq.Metastore.Native.NativeDocumentStore"}
{"@t":"2025-12-14T07:04:17.9385544Z","@mt":"Storage subsystem available"}
{"@t":"2025-12-14T07:04:17.9666267Z","@mt":"Loaded key {XmlKeyId} with friendly name {FriendlyName}","XmlKeyId":"xmlkey-18","FriendlyName":"key-e459fc86-4a4c-4e91-b555-b4d14d8cced3"}
{"@t":"2025-12-14T07:04:18.0031987Z","@mt":"Ingestion enabled","SourceContext":"Seq.Engine.Cluster.NativeStorage"}
{"@t":"2025-12-14T07:05:18.7447392Z","@sp":"8062e112af9fb10d","@tr":"11dfa8e095570e18d8d60ebf3ac9cc09","@mt":"Wrote {IndexSetCount} index sets","IndexSetCount":0,"SourceContext":"Seq.Server.Features.Indexing.EventStoreIndexer"}
{"@t":"2025-12-14T07:05:18.7554765Z","@sp":"8062e112af9fb10d","@tr":"11dfa8e095570e18d8d60ebf3ac9cc09","@mt":"Indexing with {Allocated:0.000} ms allowance","@r":["600000.000"],"Allocated":600000,"@st":"2025-12-14T07:05:18.3792887Z","SourceContext":"Seq.Server.Features.Indexing.EventStoreIndexer"}
{"@t":"2025-12-14T07:06:18.4932511Z","@sp":"59a3911d6c762f9d","@tr":"1cbed4d9082ac6c4faaed7fcbe5d5eba","@mt":"Wrote {IndexSetCount} index sets","IndexSetCount":0,"SourceContext":"Seq.Server.Features.Indexing.EventStoreIndexer"}
{"@t":"2025-12-14T07:06:18.5015279Z","@sp":"59a3911d6c762f9d","@tr":"1cbed4d9082ac6c4faaed7fcbe5d5eba","@mt":"Indexing with {Allocated:0.000} ms allowance","@r":["600000.000"],"Allocated":600000,"@st":"2025-12-14T07:06:18.3833656Z","SourceContext":"Seq.Server.Features.Indexing.EventStoreIndexer"}
{"@t":"2025-12-14T07:06:29.1032623Z","@mt":"Termination signal received"}
{"@t":"2025-12-14T07:06:29.1448008Z","@mt":"Stopping {Tasks} scheduled leader tasks","Tasks":18,"SourceContext":"Seq.Server.Tasks.TaskRunner"}
{"@t":"2025-12-14T07:06:29.1744811Z","@mt":"Stopping input channel","SourceContext":"Seq.Server.Features.Apps.Inputs.InputChannel"}
{"@t":"2025-12-14T07:06:29.5070005Z","@mt":"Shutting down input channel; {AcceptedCount} queued events will be written","AcceptedCount":0,"SourceContext":"Seq.Server.Features.Apps.Inputs.InputChannel"}
{"@t":"2025-12-14T07:06:29.6040659Z","@mt":"Stopping broadcast channel","SourceContext":"Seq.Engine.Broadcast.BroadcastChannel"}
{"@t":"2025-12-14T07:07:55.9276810Z","@mt":"Seq {SeqVersion} running on OS {OSCaption}","SeqVersion":"2025.2.15055","OSCaption":"Ubuntu 22.04.5 LTS","SourceContext":"Seq.Diagnostics.Logging.EnvironmentInformationWriter"}
{"@t":"2025-12-14T07:07:58.2414736Z","@mt":"Seq listening on {ListenUris}","ListenUris":["http://localhost/","https://localhost/","http://localhost:5341/","https://localhost:45341/"]}
{"@t":"2025-12-14T07:07:58.2819503Z","@mt":"Opening event store at {StreamPath}","StreamPath":"/data/Stream/stream.flare","SourceContext":"Seq.Engine.Cluster.NativeStorage"}
{"@t":"2025-12-14T07:07:58.6987525Z","@mt":"Opening metastore {MetastorePath}","MetastorePath":"/data/Documents/metastore.flare","SourceContext":"Seq.Metastore.Native.NativeDocumentStore"}
{"@t":"2025-12-14T07:07:58.9282177Z","@mt":"Storage subsystem available"}
{"@t":"2025-12-14T07:07:58.9578633Z","@mt":"Loaded key {XmlKeyId} with friendly name {FriendlyName}","XmlKeyId":"xmlkey-18","FriendlyName":"key-e459fc86-4a4c-4e91-b555-b4d14d8cced3"}
{"@t":"2025-12-14T07:07:59.0097143Z","@mt":"Ingestion enabled","SourceContext":"Seq.Engine.Cluster.NativeStorage"}
{"@t":"2025-12-14T07:08:59.4280938Z","@sp":"3046cd60470ceb58","@tr":"73064131ffc3d9b1ee4c08391d4d9aca","@mt":"Wrote {IndexSetCount} index sets","IndexSetCount":0,"SourceContext":"Seq.Server.Features.Indexing.EventStoreIndexer"}
{"@t":"2025-12-14T07:08:59.4333836Z","@sp":"3046cd60470ceb58","@tr":"73064131ffc3d9b1ee4c08391d4d9aca","@mt":"Indexing with {Allocated:0.000} ms allowance","@r":["600000.000"],"Allocated":600000,"@st":"2025-12-14T07:08:59.2147686Z","SourceContext":"Seq.Server.Features.Indexing.EventStoreIndexer"}
{"@t":"2025-12-14T07:09:43.0228642Z","@mt":"Termination signal received"}
{"@t":"2025-12-14T07:09:43.1429771Z","@mt":"Stopping {Tasks} scheduled leader tasks","Tasks":18,"SourceContext":"Seq.Server.Tasks.TaskRunner"}
{"@t":"2025-12-14T07:09:43.1578527Z","@mt":"Stopping input channel","SourceContext":"Seq.Server.Features.Apps.Inputs.InputChannel"}
{"@t":"2025-12-14T07:09:43.9414423Z","@mt":"Shutting down input channel; {AcceptedCount} queued events will be written","AcceptedCount":0,"SourceContext":"Seq.Server.Features.Apps.Inputs.InputChannel"}
{"@t":"2025-12-14T07:09:43.9557968Z","@mt":"Stopping broadcast channel","SourceContext":"Seq.Engine.Broadcast.BroadcastChannel"}
{"@t":"2025-12-14T07:09:44.2558247Z","@mt":"Shutting down broadcast channel with {AllowableFlush} flushable event batches (+{Tolerance} tolerance)","AllowableFlush":0,"Tolerance":15,"SourceContext":"Seq.Engine.Broadcast.BroadcastChannel"}
{"@t":"2025-12-14T07:09:44.4012364Z","@mt":"Stopping alert processor","SourceContext":"Seq.Server.Features.Alerting.AlertProcessor"}
{"@t":"2025-12-14T08:21:29.0883393Z","@mt":"Seq {SeqVersion} running on OS {OSCaption}","SeqVersion":"2025.2.15055","OSCaption":"Ubuntu 22.04.5 LTS","SourceContext":"Seq.Diagnostics.Logging.EnvironmentInformationWriter"}
{"@t":"2025-12-14T08:21:32.8481456Z","@mt":"Seq listening on {ListenUris}","ListenUris":["http://localhost/","https://localhost/","http://localhost:5341/","https://localhost:45341/"]}
{"@t":"2025-12-14T08:21:32.9085907Z","@mt":"Opening event store at {StreamPath}","StreamPath":"/data/Stream/stream.flare","SourceContext":"Seq.Engine.Cluster.NativeStorage"}
{"@t":"2025-12-14T08:21:33.3937620Z","@mt":"Opening metastore {MetastorePath}","MetastorePath":"/data/Documents/metastore.flare","SourceContext":"Seq.Metastore.Native.NativeDocumentStore"}
{"@t":"2025-12-14T08:21:33.7177721Z","@mt":"Storage subsystem available"}
{"@t":"2025-12-14T08:21:33.7599324Z","@mt":"Loaded key {XmlKeyId} with friendly name {FriendlyName}","XmlKeyId":"xmlkey-18","FriendlyName":"key-e459fc86-4a4c-4e91-b555-b4d14d8cced3"}
{"@t":"2025-12-14T08:21:33.8722418Z","@mt":"Ingestion enabled","SourceContext":"Seq.Engine.Cluster.NativeStorage"}
{"@t":"2025-12-14T08:22:38.3610996Z","@sp":"5208a13f1ff38b9b","@tr":"f2c0df8056b4c6a3d05818292cf6ddad","@mt":"Wrote {IndexSetCount} index sets","IndexSetCount":0,"SourceContext":"Seq.Server.Features.Indexing.EventStoreIndexer"}
{"@t":"2025-12-14T08:22:38.4044533Z","@sp":"5208a13f1ff38b9b","@tr":"f2c0df8056b4c6a3d05818292cf6ddad","@mt":"Indexing with {Allocated:0.000} ms allowance","@r":["600000.000"],"Allocated":600000,"@st":"2025-12-14T08:22:37.2001513Z","SourceContext":"Seq.Server.Features.Indexing.EventStoreIndexer"}
{"@t":"2025-12-14T08:23:34.3904142Z","@sp":"8d2de3579dee2815","@tr":"a26d7bccee62079b61966245d8c29a4b","@mt":"Wrote {IndexSetCount} index sets","IndexSetCount":0,"SourceContext":"Seq.Server.Features.Indexing.EventStoreIndexer"}
{"@t":"2025-12-14T08:23:34.4002429Z","@sp":"8d2de3579dee2815","@tr":"a26d7bccee62079b61966245d8c29a4b","@mt":"Indexing with {Allocated:0.000} ms allowance","@r":["600000.000"],"Allocated":600000,"@st":"2025-12-14T08:23:34.1423717Z","SourceContext":"Seq.Server.Features.Indexing.EventStoreIndexer"}
{"@t":"2025-12-14T08:24:34.2466730Z","@sp":"278e364023f6c212","@tr":"7d7006da924c3e5d275ea2a490bac5d8","@mt":"Wrote {IndexSetCount} index sets","IndexSetCount":0,"SourceContext":"Seq.Server.Features.Indexing.EventStoreIndexer"}
{"@t":"2025-12-14T08:24:34.2607373Z","@sp":"278e364023f6c212","@tr":"7d7006da924c3e5d275ea2a490bac5d8","@mt":"Indexing with {Allocated:0.000} ms allowance","@r":["600000.000"],"Allocated":600000,"@st":"2025-12-14T08:24:34.1296512Z","SourceContext":"Seq.Server.Features.Indexing.EventStoreIndexer"}
{"@t":"2025-12-14T08:25:34.2089135Z","@sp":"0e3bf36b0d00a0b3","@tr":"0c1337717e3bcebaa2e673d68a8dfdd9","@mt":"Wrote {IndexSetCount} index sets","IndexSetCount":0,"SourceContext":"Seq.Server.Features.Indexing.EventStoreIndexer"}
{"@t":"2025-12-14T08:25:34.2100145Z","@sp":"0e3bf36b0d00a0b3","@tr":"0c1337717e3bcebaa2e673d68a8dfdd9","@mt":"Indexing with {Allocated:0.000} ms allowance","@r":["600000.000"],"Allocated":600000,"@st":"2025-12-14T08:25:34.1277753Z","SourceContext":"Seq.Server.Features.Indexing.EventStoreIndexer"}
{"@t":"2025-12-14T08:26:34.1897084Z","@sp":"f70b297cc6dba0ad","@tr":"b098035f43b1916bc44fff89ef95011d","@mt":"Wrote {IndexSetCount} index sets","IndexSetCount":0,"SourceContext":"Seq.Server.Features.Indexing.EventStoreIndexer"}
{"@t":"2025-12-14T08:26:34.1918878Z","@sp":"f70b297cc6dba0ad","@tr":"b098035f43b1916bc44fff89ef95011d","@mt":"Indexing with {Allocated:0.000} ms allowance","@r":["600000.000"],"Allocated":600000,"@st":"2025-12-14T08:26:34.1413110Z","SourceContext":"Seq.Server.Features.Indexing.EventStoreIndexer"}
{"@t":"2025-12-14T08:27:34.2198562Z","@sp":"aec4427b335d169e","@tr":"36d28a1e7e3efe2e8a3430c584973738","@mt":"Wrote {IndexSetCount} index sets","IndexSetCount":0,"SourceContext":"Seq.Server.Features.Indexing.EventStoreIndexer"}
{"@t":"2025-12-14T08:27:34.2254863Z","@sp":"aec4427b335d169e","@tr":"36d28a1e7e3efe2e8a3430c584973738","@mt":"Indexing with {Allocated:0.000} ms allowance","@r":["600000.000"],"Allocated":600000,"@st":"2025-12-14T08:27:34.1541915Z","SourceContext":"Seq.Server.Features.Indexing.EventStoreIndexer"}
{"@t":"2025-12-14T08:28:34.2103706Z","@sp":"b84afdc523e4edbd","@tr":"8f810d8041a85479e118c7fea69bd462","@mt":"Wrote {IndexSetCount} index sets","IndexSetCount":0,"SourceContext":"Seq.Server.Features.Indexing.EventStoreIndexer"}
{"@t":"2025-12-14T08:28:34.2118880Z","@sp":"b84afdc523e4edbd","@tr":"8f810d8041a85479e118c7fea69bd462","@mt":"Indexing with {Allocated:0.000} ms allowance","@r":["600000.000"],"Allocated":600000,"@st":"2025-12-14T08:28:34.1628414Z","SourceContext":"Seq.Server.Features.Indexing.EventStoreIndexer"}
{"@t":"2025-12-14T08:29:34.2087434Z","@sp":"ef22536dddc4f79f","@tr":"7f50510e3044e36dd678d9581b83b982","@mt":"Wrote {IndexSetCount} index sets","IndexSetCount":0,"SourceContext":"Seq.Server.Features.Indexing.EventStoreIndexer"}
{"@t":"2025-12-14T08:29:34.2096977Z","@sp":"ef22536dddc4f79f","@tr":"7f50510e3044e36dd678d9581b83b982","@mt":"Indexing with {Allocated:0.000} ms allowance","@r":["600000.000"],"Allocated":600000,"@st":"2025-12-14T08:29:34.1785312Z","SourceContext":"Seq.Server.Features.Indexing.EventStoreIndexer"}
{"@t":"2025-12-14T08:30:34.2137550Z","@sp":"78a99741d16fc7ef","@tr":"2682987c519bc7d962f5807c21c1520d","@mt":"Wrote {IndexSetCount} index sets","IndexSetCount":0,"SourceContext":"Seq.Server.Features.Indexing.EventStoreIndexer"}
{"@t":"2025-12-14T08:30:34.2143107Z","@sp":"78a99741d16fc7ef","@tr":"2682987c519bc7d962f5807c21c1520d","@mt":"Indexing with {Allocated:0.000} ms allowance","@r":["600000.000"],"Allocated":600000,"@st":"2025-12-14T08:30:34.1878571Z","SourceContext":"Seq.Server.Features.Indexing.EventStoreIndexer"}
{"@t":"2025-12-14T08:31:34.2269501Z","@sp":"1409b0fd30784948","@tr":"bab90e6269d7f62f52743b557857969c","@mt":"Wrote {IndexSetCount} index sets","IndexSetCount":0,"SourceContext":"Seq.Server.Features.Indexing.EventStoreIndexer"}
{"@t":"2025-12-14T08:31:34.2275298Z","@sp":"1409b0fd30784948","@tr":"bab90e6269d7f62f52743b557857969c","@mt":"Indexing with {Allocated:0.000} ms allowance","@r":["600000.000"],"Allocated":600000,"@st":"2025-12-14T08:31:34.1953373Z","SourceContext":"Seq.Server.Features.Indexing.EventStoreIndexer"}
{"@t":"2025-12-14T08:31:34.2362011Z","@sp":"f2c8c04b2f629a68","@tr":"f2d63a03b8f0e171eaab7d451bfd31c8","@mt":"Applying {Count} retention policies","Count":0,"SourceContext":"Seq.Server.Features.Retention.RetentionProcessor"}
{"@t":"2025-12-14T08:31:34.2454699Z","@sp":"f2c8c04b2f629a68","@tr":"f2d63a03b8f0e171eaab7d451bfd31c8","@mt":"Retention processing","@st":"2025-12-14T08:31:34.2347312Z","@ps":"f8381624a5e18de9","SourceContext":"Seq.Server.Features.Retention.RetentionProcessor"}
{"@t":"2025-12-14T08:31:34.2477398Z","@sp":"f8381624a5e18de9","@tr":"f2d63a03b8f0e171eaab7d451bfd31c8","@mt":"Retention processing took {Elapsed} ms; allocating {Allocation} ms for storage optimization","Elapsed":16.2551,"Allocation":599983.7449,"SourceContext":"Seq.Server.Features.Retention.StorageMaintenanceTask"}
{"@t":"2025-12-14T08:31:34.2532850Z","@sp":"58ae250be215dca8","@tr":"f2d63a03b8f0e171eaab7d451bfd31c8","@mt":"Coalesced {SpanCount} stable spans in {Elapsed:0.000} ms","@r":["2.000"],"SpanCount":0,"Elapsed":2,"SourceContext":"Seq.Server.Features.Retention.StorageOptimizer"}
{"@t":"2025-12-14T08:31:34.2561325Z","@sp":"58ae250be215dca8","@tr":"f2d63a03b8f0e171eaab7d451bfd31c8","@mt":"Optimize storage","SpanCount":0,"@st":"2025-12-14T08:31:34.2498913Z","@ps":"f8381624a5e18de9","SourceContext":"Seq.Server.Features.Retention.StorageOptimizer"}
{"@t":"2025-12-14T08:31:34.2573276Z","@sp":"f8381624a5e18de9","@tr":"f2d63a03b8f0e171eaab7d451bfd31c8","@mt":"Storage maintenance","@st":"2025-12-14T08:31:34.2307366Z","SourceContext":"Seq.Server.Features.Retention.StorageMaintenanceTask"}
{"@t":"2025-12-14T08:31:34.3761503Z","@mt":"Metrics sampled","http.server.active_requests":0,"kestrel.active_tls_handshakes":0,"kestrel.upgraded_connections":0,"kestrel.queued_requests":0,"kestrel.queued_connections":0,"kestrel.rejected_connections":0,"kestrel.active_connections":0,"stable_span_create":0,"stable_span_remove":0,"stable_span_read":0,"stable_span_read_sparse":0,"stable_span_quarantine":0,"ingest_buf_create":0,"ingest_buf_remove":0,"ingest_buf_quarantine":0,"ingest_buf_read":0,"ingest_buf_read_truncated":0,"ingest_buf_write_record":0,"index_set_create":0,"index_set_remove":0,"index_set_load":0,"index_set_lookup_no_index":0,"index_set_lookup_failed":0,"index_create":0,"index_load_failed_unknown_kind":0,"index_load_failed_unsupported_kind":0,"keyvalues_create":0,"keyvalues_open":0,"keyvalues_checkpoint":0,"keyvalues_transaction_begin":0,"keyvalues_transaction_set":0,"keyvalues_transaction_remove":0,"keyvalues_transaction_commit":0,"keyvalues_transaction_abort":0,"keyvalues_read":0,"keyvalues_read_truncated":0,"doccoll_create":0,"doccoll_remove":0,"doccoll_kvs_remove":0,"doccoll_checkpoint":0,"doccoll_write_begin":0,"doccoll_write_record_set":0,"doccoll_write_record_delete":0,"doccoll_write_commit":0,"doccoll_write_abort":0,"doccoll_read_begin":0,"doccoll_read_complete":0,"store_create":0,"store_open":0,"store_close":0,"store_become_leader":0,"store_become_leader_callback_failed":0,"store_become_follower":0,"read_transaction_begin":0,"read_transaction_begin_fork":0,"read_transaction_complete":0,"read_transaction_dirty_complete":0,"write_transaction_begin":0,"write_transaction_complete":0,"write_transaction_dirty_complete":0,"maintenance_transaction_begin":0,"maintenance_transaction_complete":0,"maintenance_transaction_dirty_complete":0,"maintenance_transaction_advance_generation":0,"reader_begin":0,"reader_read_bytes_compressed":0,"reader_read_bytes_uncompressed":0,"reader_complete":0,"reader_ingest_buf_read":0,"reader_stable_span_no_index_set":0,"reader_stable_span_corrupted_index_set":0,"reader_stable_span_region_read":0,"reader_stable_span_region_skip":0,"writer_begin":0,"writer_ingest_buf_write":0,"writer_ingest_buf_abort":0,"writer_ingest_buf_commit":0,"writer_commit_multiple_bufs":0,"writer_commit":0,"writer_abort":0,"coalesced_gen0":0,"coalesced_gen0_ingest_buf":0,"coalesced_gen1":0,"coalesced_gen1_ingest_buf":0,"indexer_begin_new":0,"indexer_begin_outdated":0,"indexer_merge":0,"indexer_commit":0,"indexer_abort":0,"indexer_partition_begin":0,"indexer_partition_complete":0,"truncate_ingest_buf_remove":0,"truncate_stable_span_remove":0,"truncate_stable_span_resize":0,"truncate_complete":0,"deleter_begin":0,"deleter_exclude_record":0,"deleter_complete":0,"deleter_abandon":0,"deleter_stable_span_no_index_set":0,"deleter_stable_span_corrupted_index_set":0,"deleter_stable_span_skip":0,"deleter_stable_span_remove":0,"deleter_ingest_buf_remove":0,"deleter_ingest_buf_create":0,"deleter_stable_span_create":0,"deleter_region_all_retained":0,"deleter_region_truncate":0,"kernel_sync_lock_acquired":0,"kernel_sync_lock_released":0,"kernel_write_lock_acquired":0,"kernel_write_lock_released":0,"kernel_maintenance_lock_acquired":0,"kernel_maintenance_lock_released":0,"kernel_mvcc_data_generations_created":0,"kernel_mvcc_data_generations_advanced":0,"kernel_metadata_store_create":0,"kernel_metadata_store_open":0,"kernel_metadata_store_checkpoint":0,"kernel_operations":0,"kernel_operations_write_metadata":0,"lead_transaction_begin":0,"lead_transaction_complete":0,"lead_transaction_dirty_complete":0,"follow_transaction_begin":0,"follow_transaction_complete":0,"follow_transaction_dirty_complete":0,"replication_leader_begin":0,"replication_leader_full_sync":0,"replication_leader_commit":0,"replication_leader_abort":0,"replication_follower_begin":0,"replication_follower_full_sync":0,"replication_follower_commit":0,"replication_follower_abort":0,"replication_use_checkpointed_ingest_buf":0,"replication_use_checkpointed_stable_span":0,"replication_use_checkpointed_index_set":0,"replication_apply_ingest_buf_write_bytes":0,"replication_apply_stable_span_write_bytes":0,"replication_apply_index_set_write_bytes":0,"replication_apply_ingest_buf_delete":0,"replication_apply_stable_span_delete":0,"replication_apply_stable_span_update_metadata":0,"replication_apply_index_set_delete":0,"params_write_begin":0,"params_write_set_value":0,"params_write_commit":0,"params_write_abort":0,"json_de_invalid":0,"query_execute_begin":0,"query_execute_resume_error":0,"query_execute_end_done":0,"query_execute_end_cancel":0,"query_execute_end_partial":0,"query_working_set_limit_exceeded":0,"query_parser_expr_depth_overflow":0,"query_parser_expr_depth_max":2,"indexer_invalid_definitions_last_update":0,"indexer_execute_up_to_date":0,"indexer_execute_serial":0,"indexer_execute_parallel":0,"indexer_execute_parallel_partition":0,"indexer_execute_unindexed":0,"indexer_execute_outdated":0,"worker_thread_deprioritize":0,"worker_sample_canceled":0,"abi_panic":0,"abi_internal_error":0,"abi_io_error":0,"memory_platform_total_bytes":0,"memory_platform_limit_bytes":0,"memory_platform_sample_failed":0,"index_store_invalid_definition":0,"index_store_invalid_definition_unknown_kind":0,"index_store_invalid_definition_unknown_encoding":0,"index_store_invalid_definition_invalid_expr":0,"thread_pool_thread_start":0,"thread_pool_thread_deprioritize":0,"thread_pool_run_enqueue":0,"thread_pool_item_panic":0,"thread_pool_item_failed":0,"thread_pool_item_complete":0,"thread_pool_idle_run_immediate":0,"managed_thread_pool_threads":2,"cluster_io_pool_threads":0,"vertex_execute_local":0,"vertex_execute_remote":0,"vertex_remote_send":0,"vertex_remote_receive":0,"vertexes_client_empty_exchange":0,"vertexes_client_file_add":0,"vertexes_client_file_update":0,"vertexes_client_file_remove":0,"vertexes_client_task_cancel_by_server":0,"vertexes_server_empty_exchange":0,"vertexes_server_task_cancel_by_client":0,"vertexes_server_file_add":0,"vertexes_server_file_update":0,"vertexes_server_file_remove":0,"edges_row_send":0,"edges_row_receive":0,"edges_done_send":0,"edges_done_receive":0,"snapshots_compression_percentage":0,"snapshots_server_exchange_request_response":0,"snapshots_server_exchange_firehose":0,"snapshots_client_exchange_request_response":0,"snapshots_client_exchange_firehose":0,"job_pile_allowed_concurrent_active_jobs":1,"dataflow_materialize":0,"dataflow_vertex_materialize":0,"job_enqueue":0,"job_start":0,"job_complete":0,"job_vertex_scheduled":0,"job_timeout_in_queue":0,"prepare_input_port":0,"prepare_input_scalar":0,"prepare_input_read_records":0,"prepare_input_read_partition":0,"prepare_input_execute_procedure":0,"prepare_input_execute_procedure_partition":0,"prepare_input_delete_records":0,"rowset_cache_size_bytes":0,"rowset_cache_size_entries":0,"rowset_cache_set":0,"rowset_cache_get_hit":0,"rowset_cache_get_miss":0,"rowset_cache_gc":0,"rowset_cache_discarded_work_bytes":0,"net_incoming_socket_not_accepted":0,"net_incoming_socket_accepted":0,"net_incoming_not_established_invalid_key":0,"net_incoming_not_established_unknown_protocol":0,"net_incoming_not_established_err":0,"net_incoming_not_established_version":0,"net_incoming_established":0,"net_incoming_completed":0,"net_incoming_completed_err":0,"net_bytes_sent":0,"net_bytes_received":0,"net_service_restart_err":0,"net_service_restart_panic":0,"net_task_err":0,"net_task_panic":0,"net_send_timeout":0,"net_send_err":0,"net_recv_timeout":0,"net_recv_err":0,"net_active_inbound_transport_connections":0,"net_active_outbound_transport_connections":0,"arrived_events":0,"ingested_events":0,"ingested_data":0,"invalid_payloads":0,"unauthorized_payloads":0,"failed_otlp_metric_exports":0,"average_event_body":0,"write_throughput":0,"ingestion_endpoint_active_requests":0,"query_endpoint_active_requests":0,"web_sockets_opened":0,"web_sockets_closed":0,"query_canceled":0,"backup_check_elapsed":0,"check_host_environment_features_elapsed":0,"sample_cluster_node_metrics_elapsed":0,"metrics_log_exporter_elapsed":0,"metrics_otlp_exporter_elapsed":0,"dispatch_system_notifications_elapsed":0,"run_garbage_collection_on_native_storage_objects_elapsed":0,"check_the_status_of_the_underlying_storage_engine_elapsed":0,"storage_maintenance_elapsed":0,"free_storage_space_monitor_elapsed":0,"automatic_license_renewal_check_elapsed":0,"indexing_elapsed":0,"license_status_check_elapsed":0,"scan_for_quarantined_files_elapsed":0,"app_update_availability_check_elapsed":0,"seq_update_availability_check_elapsed":0,"authentication_session_cleanup_elapsed":0,"authentication_idle_session_cleanup_elapsed":0,"junk_file_detector_elapsed":0,"data_store_queries":0,"write_time":0,"indexing_time":0,"write_time_last_day":0,"indexing_time_last_day":0,"broadcast_channel_input_queue_batches":0,"broadcast_channel_subscriptions":0,"requests_started":0,"requests_failed":0,"active_requests":0,"open_outbound_http11_connections":0,"outbound_http11_request_queue_duration":0,"open_outbound_http20_connections":0,"outbound_http20_request_queue_duration":0,"process_uptime":603086,"dotnet_thread_pool_current_threads":5,"dotnet_thread_pool_threads_available":32766,"dotnet_thread_pool_iocp_threads_available":1000,"dotnet_gc_memory_used":28808712,"dotnet_gc_memory_total":9561440,"dotnet_gc_memory_fragmented":81600,"dotnet_gc_pause_time":4,"process_memory_physical":79167488,"process_memory_paged":35999744,"process_memory_non_paged":0,"process_memory_system_paged":35999744,"process_memory_system_non_paged":0,"process_memory_private":300011520,"process_memory_virtual":22673895424,"process_handles":353,"process_threads":45,"process_cpu_current":62,"system_memory_utilized":86,"free_disk_space":13769089024}
{"@t":"2025-12-14T08:32:34.2330763Z","@sp":"b4dc875e5c97fa92","@tr":"f1826574ec07f228c8e0e6dfb8ca70d3","@mt":"Wrote {IndexSetCount} index sets","IndexSetCount":0,"SourceContext":"Seq.Server.Features.Indexing.EventStoreIndexer"}
{"@t":"2025-12-14T08:32:34.2342585Z","@sp":"b4dc875e5c97fa92","@tr":"f1826574ec07f228c8e0e6dfb8ca70d3","@mt":"Indexing with {Allocated:0.000} ms allowance","@r":["600000.000"],"Allocated":600000,"@st":"2025-12-14T08:32:34.2030542Z","SourceContext":"Seq.Server.Features.Indexing.EventStoreIndexer"}
{"@t":"2025-12-14T08:33:34.2338199Z","@sp":"d15c608946a48d36","@tr":"32af614e5a6b07e53c2a539363952bb3","@mt":"Wrote {IndexSetCount} index sets","IndexSetCount":0,"SourceContext":"Seq.Server.Features.Indexing.EventStoreIndexer"}
{"@t":"2025-12-14T08:33:34.2349346Z","@sp":"d15c608946a48d36","@tr":"32af614e5a6b07e53c2a539363952bb3","@mt":"Indexing with {Allocated:0.000} ms allowance","@r":["600000.000"],"Allocated":600000,"@st":"2025-12-14T08:33:34.2087343Z","SourceContext":"Seq.Server.Features.Indexing.EventStoreIndexer"}
{"@t":"2025-12-14T08:34:34.2673906Z","@sp":"e6f9dc5118faa135","@tr":"0afbbc35c1460a77159dd1c841220172","@mt":"Wrote {IndexSetCount} index sets","IndexSetCount":0,"SourceContext":"Seq.Server.Features.Indexing.EventStoreIndexer"}
{"@t":"2025-12-14T08:34:34.2685953Z","@sp":"e6f9dc5118faa135","@tr":"0afbbc35c1460a77159dd1c841220172","@mt":"Indexing with {Allocated:0.000} ms allowance","@r":["600000.000"],"Allocated":600000,"@st":"2025-12-14T08:34:34.2241890Z","SourceContext":"Seq.Server.Features.Indexing.EventStoreIndexer"}
{"@t":"2025-12-14T08:35:34.2370923Z","@sp":"4e9abd80049714fb","@tr":"dc1986e66750d4a9a18cd9077f65ba6c","@mt":"Wrote {IndexSetCount} index sets","IndexSetCount":0,"SourceContext":"Seq.Server.Features.Indexing.EventStoreIndexer"}
{"@t":"2025-12-14T08:35:34.2375805Z","@sp":"4e9abd80049714fb","@tr":"dc1986e66750d4a9a18cd9077f65ba6c","@mt":"Indexing with {Allocated:0.000} ms allowance","@r":["600000.000"],"Allocated":600000,"@st":"2025-12-14T08:35:34.2212522Z","SourceContext":"Seq.Server.Features.Indexing.EventStoreIndexer"}
{"@t":"2025-12-14T08:36:26.6945172Z","@mt":"Termination signal received"}
{"@t":"2025-12-14T08:36:26.7449609Z","@mt":"Stopping {Tasks} scheduled leader tasks","Tasks":18,"SourceContext":"Seq.Server.Tasks.TaskRunner"}
{"@t":"2025-12-14T08:36:26.7994401Z","@mt":"Stopping input channel","SourceContext":"Seq.Server.Features.Apps.Inputs.InputChannel"}
{"@t":"2025-12-14T08:36:27.0408356Z","@mt":"Shutting down input channel; {AcceptedCount} queued events will be written","AcceptedCount":0,"SourceContext":"Seq.Server.Features.Apps.Inputs.InputChannel"}
{"@t":"2025-12-14T08:36:27.0617149Z","@mt":"Stopping broadcast channel","SourceContext":"Seq.Engine.Broadcast.BroadcastChannel"}
{"@t":"2025-12-14T08:36:27.5052648Z","@mt":"Shutting down broadcast channel with {AllowableFlush} flushable event batches (+{Tolerance} tolerance)","AllowableFlush":0,"Tolerance":15,"SourceContext":"Seq.Engine.Broadcast.BroadcastChannel"}
{"@t":"2025-12-14T08:36:27.5199719Z","@mt":"Stopping alert processor","SourceContext":"Seq.Server.Features.Alerting.AlertProcessor"}
{"@t":"2025-12-14T08:36:27.9188442Z","@mt":"Server stopped cleanly"}
{"@t":"2025-12-14T08:37:42.0021525Z","@mt":"Seq {SeqVersion} running on OS {OSCaption}","SeqVersion":"2025.2.15055","OSCaption":"Ubuntu 22.04.5 LTS","SourceContext":"Seq.Diagnostics.Logging.EnvironmentInformationWriter"}
{"@t":"2025-12-14T08:37:44.5156200Z","@mt":"Seq listening on {ListenUris}","ListenUris":["http://localhost/","https://localhost/","http://localhost:5341/","https://localhost:45341/"]}
{"@t":"2025-12-14T08:37:44.5627406Z","@mt":"Opening event store at {StreamPath}","StreamPath":"/data/Stream/stream.flare","SourceContext":"Seq.Engine.Cluster.NativeStorage"}
{"@t":"2025-12-14T08:37:44.9271112Z","@mt":"Opening metastore {MetastorePath}","MetastorePath":"/data/Documents/metastore.flare","SourceContext":"Seq.Metastore.Native.NativeDocumentStore"}
{"@t":"2025-12-14T08:37:45.2156512Z","@mt":"Storage subsystem available"}
{"@t":"2025-12-14T08:37:45.2420016Z","@mt":"Loaded key {XmlKeyId} with friendly name {FriendlyName}","XmlKeyId":"xmlkey-18","FriendlyName":"key-e459fc86-4a4c-4e91-b555-b4d14d8cced3"}
{"@t":"2025-12-14T08:37:45.2968775Z","@mt":"Ingestion enabled","SourceContext":"Seq.Engine.Cluster.NativeStorage"}
{"@t":"2025-12-14T08:38:45.6933334Z","@sp":"474ad20cf5d44ac6","@tr":"bb3b0bd1b551be67ede204493e9927e7","@mt":"Wrote {IndexSetCount} index sets","IndexSetCount":0,"SourceContext":"Seq.Server.Features.Indexing.EventStoreIndexer"}
{"@t":"2025-12-14T08:38:45.6988899Z","@sp":"474ad20cf5d44ac6","@tr":"bb3b0bd1b551be67ede204493e9927e7","@mt":"Indexing with {Allocated:0.000} ms allowance","@r":["600000.000"],"Allocated":600000,"@st":"2025-12-14T08:38:45.4555024Z","SourceContext":"Seq.Server.Features.Indexing.EventStoreIndexer"}
{"@t":"2025-12-14T08:39:45.4663217Z","@sp":"d582c98a53d96056","@tr":"22a8e3f6d2d5a6a00750be2d465e7411","@mt":"Wrote {IndexSetCount} index sets","IndexSetCount":0,"SourceContext":"Seq.Server.Features.Indexing.EventStoreIndexer"}
{"@t":"2025-12-14T08:39:45.4672262Z","@sp":"d582c98a53d96056","@tr":"22a8e3f6d2d5a6a00750be2d465e7411","@mt":"Indexing with {Allocated:0.000} ms allowance","@r":["600000.000"],"Allocated":600000,"@st":"2025-12-14T08:39:45.4470477Z","SourceContext":"Seq.Server.Features.Indexing.EventStoreIndexer"}
{"@t":"2025-12-14T08:40:45.4704408Z","@sp":"c2fda27ed258a6cb","@tr":"7330f05dbaf2c3e93e428cf84772836a","@mt":"Wrote {IndexSetCount} index sets","IndexSetCount":0,"SourceContext":"Seq.Server.Features.Indexing.EventStoreIndexer"}
{"@t":"2025-12-14T08:40:45.4713138Z","@sp":"c2fda27ed258a6cb","@tr":"7330f05dbaf2c3e93e428cf84772836a","@mt":"Indexing with {Allocated:0.000} ms allowance","@r":["600000.000"],"Allocated":600000,"@st":"2025-12-14T08:40:45.4507377Z","SourceContext":"Seq.Server.Features.Indexing.EventStoreIndexer"}
{"@t":"2025-12-14T08:41:45.4764899Z","@sp":"6a2a6a04e179b08d","@tr":"21839ed05fabc4adef5277ba9d9aa65b","@mt":"Wrote {IndexSetCount} index sets","IndexSetCount":0,"SourceContext":"Seq.Server.Features.Indexing.EventStoreIndexer"}
{"@t":"2025-12-14T08:41:45.4788860Z","@sp":"6a2a6a04e179b08d","@tr":"21839ed05fabc4adef5277ba9d9aa65b","@mt":"Indexing with {Allocated:0.000} ms allowance","@r":["600000.000"],"Allocated":600000,"@st":"2025-12-14T08:41:45.4563762Z","SourceContext":"Seq.Server.Features.Indexing.EventStoreIndexer"}
{"@t":"2025-12-14T08:42:45.4680995Z","@sp":"34d4ebba6137d3cb","@tr":"39244717116d37ecfe73ac4e571da1f5","@mt":"Wrote {IndexSetCount} index sets","IndexSetCount":0,"SourceContext":"Seq.Server.Features.Indexing.EventStoreIndexer"}
{"@t":"2025-12-14T08:42:45.4716392Z","@sp":"34d4ebba6137d3cb","@tr":"39244717116d37ecfe73ac4e571da1f5","@mt":"Indexing with {Allocated:0.000} ms allowance","@r":["600000.000"],"Allocated":600000,"@st":"2025-12-14T08:42:45.4609359Z","SourceContext":"Seq.Server.Features.Indexing.EventStoreIndexer"}
{"@t":"2025-12-14T08:43:45.4787240Z","@sp":"41a2cb812305f179","@tr":"95a4049fda6dfe5a537f8f05236777f3","@mt":"Wrote {IndexSetCount} index sets","IndexSetCount":0,"SourceContext":"Seq.Server.Features.Indexing.EventStoreIndexer"}
{"@t":"2025-12-14T08:43:45.4810506Z","@sp":"41a2cb812305f179","@tr":"95a4049fda6dfe5a537f8f05236777f3","@mt":"Indexing with {Allocated:0.000} ms allowance","@r":["600000.000"],"Allocated":600000,"@st":"2025-12-14T08:43:45.4655856Z","SourceContext":"Seq.Server.Features.Indexing.EventStoreIndexer"}
{"@t":"2025-12-14T08:44:19.9847588Z","@mt":"Termination signal received"}
{"@t":"2025-12-14T08:44:20.0042156Z","@mt":"Stopping {Tasks} scheduled leader tasks","Tasks":18,"SourceContext":"Seq.Server.Tasks.TaskRunner"}
{"@t":"2025-12-14T08:44:20.0136036Z","@mt":"Stopping input channel","SourceContext":"Seq.Server.Features.Apps.Inputs.InputChannel"}
{"@t":"2025-12-14T08:44:20.8443450Z","@mt":"Shutting down input channel; {AcceptedCount} queued events will be written","AcceptedCount":0,"SourceContext":"Seq.Server.Features.Apps.Inputs.InputChannel"}
{"@t":"2025-12-14T08:44:20.8526301Z","@mt":"Stopping broadcast channel","SourceContext":"Seq.Engine.Broadcast.BroadcastChannel"}
{"@t":"2025-12-14T08:46:30.6414179Z","@mt":"Seq {SeqVersion} running on OS {OSCaption}","SeqVersion":"2025.2.15055","OSCaption":"Ubuntu 22.04.5 LTS","SourceContext":"Seq.Diagnostics.Logging.EnvironmentInformationWriter"}
{"@t":"2025-12-14T08:46:34.3272842Z","@mt":"Seq listening on {ListenUris}","ListenUris":["http://localhost/","https://localhost/","http://localhost:5341/","https://localhost:45341/"]}
{"@t":"2025-12-14T08:46:34.3980339Z","@mt":"Opening event store at {StreamPath}","StreamPath":"/data/Stream/stream.flare","SourceContext":"Seq.Engine.Cluster.NativeStorage"}
{"@t":"2025-12-14T08:46:34.7758967Z","@mt":"Opening metastore {MetastorePath}","MetastorePath":"/data/Documents/metastore.flare","SourceContext":"Seq.Metastore.Native.NativeDocumentStore"}
{"@t":"2025-12-14T08:46:35.0751867Z","@mt":"Storage subsystem available"}
{"@t":"2025-12-14T08:46:35.1222457Z","@mt":"Loaded key {XmlKeyId} with friendly name {FriendlyName}","XmlKeyId":"xmlkey-18","FriendlyName":"key-e459fc86-4a4c-4e91-b555-b4d14d8cced3"}
{"@t":"2025-12-14T08:46:35.2206115Z","@mt":"Ingestion enabled","SourceContext":"Seq.Engine.Cluster.NativeStorage"}
{"@t":"2025-12-14T08:47:35.8858093Z","@sp":"2c03eee119c62965","@tr":"19ad7a9042ea0963526601c19c0b27c8","@mt":"Wrote {IndexSetCount} index sets","IndexSetCount":0,"SourceContext":"Seq.Server.Features.Indexing.EventStoreIndexer"}
{"@t":"2025-12-14T08:47:35.8946476Z","@sp":"2c03eee119c62965","@tr":"19ad7a9042ea0963526601c19c0b27c8","@mt":"Indexing with {Allocated:0.000} ms allowance","@r":["600000.000"],"Allocated":600000,"@st":"2025-12-14T08:47:35.5013673Z","SourceContext":"Seq.Server.Features.Indexing.EventStoreIndexer"}
{"@t":"2025-12-14T08:48:35.5133421Z","@sp":"e70fb9bea69e20e3","@tr":"8b41374d2ddbece07237f8ff7ea1cf53","@mt":"Wrote {IndexSetCount} index sets","IndexSetCount":0,"SourceContext":"Seq.Server.Features.Indexing.EventStoreIndexer"}
{"@t":"2025-12-14T08:48:35.5139288Z","@sp":"e70fb9bea69e20e3","@tr":"8b41374d2ddbece07237f8ff7ea1cf53","@mt":"Indexing with {Allocated:0.000} ms allowance","@r":["600000.000"],"Allocated":600000,"@st":"2025-12-14T08:48:35.4923511Z","SourceContext":"Seq.Server.Features.Indexing.EventStoreIndexer"}
{"@t":"2025-12-14T08:49:30.8027848Z","@mt":"Termination signal received"}
{"@t":"2025-12-14T08:49:30.8323403Z","@mt":"Stopping {Tasks} scheduled leader tasks","Tasks":18,"SourceContext":"Seq.Server.Tasks.TaskRunner"}
{"@t":"2025-12-14T08:49:30.8482611Z","@mt":"Stopping input channel","SourceContext":"Seq.Server.Features.Apps.Inputs.InputChannel"}
{"@t":"2025-12-14T08:49:31.6117946Z","@mt":"Shutting down input channel; {AcceptedCount} queued events will be written","AcceptedCount":0,"SourceContext":"Seq.Server.Features.Apps.Inputs.InputChannel"}
{"@t":"2025-12-14T08:49:31.8592088Z","@mt":"Stopping broadcast channel","SourceContext":"Seq.Engine.Broadcast.BroadcastChannel"}
{"@t":"2025-12-14T08:51:02.1704243Z","@mt":"Seq {SeqVersion} running on OS {OSCaption}","SeqVersion":"2025.2.15055","OSCaption":"Ubuntu 22.04.5 LTS","SourceContext":"Seq.Diagnostics.Logging.EnvironmentInformationWriter"}
{"@t":"2025-12-14T08:51:05.6361997Z","@mt":"Seq listening on {ListenUris}","ListenUris":["http://localhost/","https://localhost/","http://localhost:5341/","https://localhost:45341/"]}
{"@t":"2025-12-14T08:51:05.7188447Z","@mt":"Opening event store at {StreamPath}","StreamPath":"/data/Stream/stream.flare","SourceContext":"Seq.Engine.Cluster.NativeStorage"}
{"@t":"2025-12-14T08:51:06.0670336Z","@mt":"Opening metastore {MetastorePath}","MetastorePath":"/data/Documents/metastore.flare","SourceContext":"Seq.Metastore.Native.NativeDocumentStore"}
{"@t":"2025-12-14T08:51:06.3129266Z","@mt":"Storage subsystem available"}
{"@t":"2025-12-14T08:51:06.3423329Z","@mt":"Loaded key {XmlKeyId} with friendly name {FriendlyName}","XmlKeyId":"xmlkey-18","FriendlyName":"key-e459fc86-4a4c-4e91-b555-b4d14d8cced3"}
{"@t":"2025-12-14T08:51:06.4008075Z","@mt":"Ingestion enabled","SourceContext":"Seq.Engine.Cluster.NativeStorage"}
{"@t":"2025-12-14T08:52:07.5450870Z","@sp":"49e7cc8ca2bd9241","@tr":"a9d202b6748e6ab8627e7631d0e1b552","@mt":"Wrote {IndexSetCount} index sets","IndexSetCount":0,"SourceContext":"Seq.Server.Features.Indexing.EventStoreIndexer"}
{"@t":"2025-12-14T08:52:07.5642730Z","@sp":"49e7cc8ca2bd9241","@tr":"a9d202b6748e6ab8627e7631d0e1b552","@mt":"Indexing with {Allocated:0.000} ms allowance","@r":["600000.000"],"Allocated":600000,"@st":"2025-12-14T08:52:06.9987488Z","SourceContext":"Seq.Server.Features.Indexing.EventStoreIndexer"}
{"@t":"2025-12-14T08:53:06.6111537Z","@sp":"ecfd75d1321e08a0","@tr":"9a020fd75f1cdfa4d658c1d93e507a33","@mt":"Wrote {IndexSetCount} index sets","IndexSetCount":0,"SourceContext":"Seq.Server.Features.Indexing.EventStoreIndexer"}
{"@t":"2025-12-14T08:53:06.6120117Z","@sp":"ecfd75d1321e08a0","@tr":"9a020fd75f1cdfa4d658c1d93e507a33","@mt":"Indexing with {Allocated:0.000} ms allowance","@r":["600000.000"],"Allocated":600000,"@st":"2025-12-14T08:53:06.5953549Z","SourceContext":"Seq.Server.Features.Indexing.EventStoreIndexer"}
{"@t":"2025-12-14T08:54:06.6097730Z","@sp":"1fe987f975516856","@tr":"558972183667579529730c35764a3787","@mt":"Wrote {IndexSetCount} index sets","IndexSetCount":0,"SourceContext":"Seq.Server.Features.Indexing.EventStoreIndexer"}
{"@t":"2025-12-14T08:54:06.6105142Z","@sp":"1fe987f975516856","@tr":"558972183667579529730c35764a3787","@mt":"Indexing with {Allocated:0.000} ms allowance","@r":["600000.000"],"Allocated":600000,"@st":"2025-12-14T08:54:06.5930438Z","SourceContext":"Seq.Server.Features.Indexing.EventStoreIndexer"}
{"@t":"2025-12-14T08:54:55.8215568Z","@mt":"Termination signal received"}
{"@t":"2025-12-14T08:54:55.8304987Z","@mt":"Stopping {Tasks} scheduled leader tasks","Tasks":18,"SourceContext":"Seq.Server.Tasks.TaskRunner"}
{"@t":"2025-12-14T08:54:55.8415169Z","@mt":"Stopping input channel","SourceContext":"Seq.Server.Features.Apps.Inputs.InputChannel"}
{"@t":"2025-12-14T08:54:56.1154829Z","@mt":"Shutting down input channel; {AcceptedCount} queued events will be written","AcceptedCount":0,"SourceContext":"Seq.Server.Features.Apps.Inputs.InputChannel"}
{"@t":"2025-12-14T08:54:56.1205642Z","@mt":"Stopping broadcast channel","SourceContext":"Seq.Engine.Broadcast.BroadcastChannel"}
{"@t":"2025-12-14T08:54:56.1516472Z","@mt":"Shutting down broadcast channel with {AllowableFlush} flushable event batches (+{Tolerance} tolerance)","AllowableFlush":0,"Tolerance":15,"SourceContext":"Seq.Engine.Broadcast.BroadcastChannel"}
{"@t":"2025-12-14T08:54:56.1546597Z","@mt":"Stopping alert processor","SourceContext":"Seq.Server.Features.Alerting.AlertProcessor"}
{"@t":"2025-12-14T08:54:57.2018012Z","@mt":"Server stopped cleanly"}
{"@t":"2025-12-14T09:02:01.1063706Z","@mt":"Seq {SeqVersion} running on OS {OSCaption}","SeqVersion":"2025.2.15055","OSCaption":"Ubuntu 22.04.5 LTS","SourceContext":"Seq.Diagnostics.Logging.EnvironmentInformationWriter"}
{"@t":"2025-12-14T09:02:07.3395324Z","@mt":"Seq listening on {ListenUris}","ListenUris":["http://localhost/","https://localhost/","http://localhost:5341/","https://localhost:45341/"]}
{"@t":"2025-12-14T09:02:07.4137049Z","@mt":"Opening event store at {StreamPath}","StreamPath":"/data/Stream/stream.flare","SourceContext":"Seq.Engine.Cluster.NativeStorage"}
{"@t":"2025-12-14T09:02:07.8556326Z","@mt":"Opening metastore {MetastorePath}","MetastorePath":"/data/Documents/metastore.flare","SourceContext":"Seq.Metastore.Native.NativeDocumentStore"}
{"@t":"2025-12-14T09:02:08.1369385Z","@mt":"Storage subsystem available"}
{"@t":"2025-12-14T09:02:08.1736935Z","@mt":"Loaded key {XmlKeyId} with friendly name {FriendlyName}","XmlKeyId":"xmlkey-18","FriendlyName":"key-e459fc86-4a4c-4e91-b555-b4d14d8cced3"}
{"@t":"2025-12-14T09:02:08.2370507Z","@mt":"Ingestion enabled","SourceContext":"Seq.Engine.Cluster.NativeStorage"}
{"@t":"2025-12-14T09:03:08.9423177Z","@sp":"ba08940dd7eef01e","@tr":"6684169528af515ad2817bad7bd8a857","@mt":"Wrote {IndexSetCount} index sets","IndexSetCount":0,"SourceContext":"Seq.Server.Features.Indexing.EventStoreIndexer"}
{"@t":"2025-12-14T09:03:08.9517273Z","@sp":"ba08940dd7eef01e","@tr":"6684169528af515ad2817bad7bd8a857","@mt":"Indexing with {Allocated:0.000} ms allowance","@r":["600000.000"],"Allocated":600000,"@st":"2025-12-14T09:03:08.5225986Z","SourceContext":"Seq.Server.Features.Indexing.EventStoreIndexer"}
{"@t":"2025-12-14T09:04:08.4249134Z","@sp":"f6e1226ce0581844","@tr":"f4844f23a43d4d5f6e33d8ce2c2aaf54","@mt":"Wrote {IndexSetCount} index sets","IndexSetCount":0,"SourceContext":"Seq.Server.Features.Indexing.EventStoreIndexer"}
{"@t":"2025-12-14T09:04:08.4258209Z","@sp":"f6e1226ce0581844","@tr":"f4844f23a43d4d5f6e33d8ce2c2aaf54","@mt":"Indexing with {Allocated:0.000} ms allowance","@r":["600000.000"],"Allocated":600000,"@st":"2025-12-14T09:04:08.4049482Z","SourceContext":"Seq.Server.Features.Indexing.EventStoreIndexer"}
{"@t":"2025-12-14T09:05:08.4105961Z","@sp":"12ac751fff02b67e","@tr":"22f62946f9d690cd0af4a4e2a07070fe","@mt":"Wrote {IndexSetCount} index sets","IndexSetCount":0,"SourceContext":"Seq.Server.Features.Indexing.EventStoreIndexer"}
{"@t":"2025-12-14T09:05:08.4115435Z","@sp":"12ac751fff02b67e","@tr":"22f62946f9d690cd0af4a4e2a07070fe","@mt":"Indexing with {Allocated:0.000} ms allowance","@r":["600000.000"],"Allocated":600000,"@st":"2025-12-14T09:05:08.3987739Z","SourceContext":"Seq.Server.Features.Indexing.EventStoreIndexer"}
{"@t":"2025-12-14T09:05:46.1774847Z","@mt":"Termination signal received"}
{"@t":"2025-12-14T09:05:46.2282850Z","@mt":"Stopping {Tasks} scheduled leader tasks","Tasks":18,"SourceContext":"Seq.Server.Tasks.TaskRunner"}
{"@t":"2025-12-14T09:05:46.2523835Z","@mt":"Stopping input channel","SourceContext":"Seq.Server.Features.Apps.Inputs.InputChannel"}
{"@t":"2025-12-14T09:05:46.7570442Z","@mt":"Shutting down input channel; {AcceptedCount} queued events will be written","AcceptedCount":0,"SourceContext":"Seq.Server.Features.Apps.Inputs.InputChannel"}
{"@t":"2025-12-14T09:05:46.7920996Z","@mt":"Stopping broadcast channel","SourceContext":"Seq.Engine.Broadcast.BroadcastChannel"}
{"@t":"2025-12-14T09:09:43.0445565Z","@mt":"Seq {SeqVersion} running on OS {OSCaption}","SeqVersion":"2025.2.15055","OSCaption":"Ubuntu 22.04.5 LTS","SourceContext":"Seq.Diagnostics.Logging.EnvironmentInformationWriter"}
{"@t":"2025-12-14T09:09:47.0312560Z","@mt":"Seq listening on {ListenUris}","ListenUris":["http://localhost/","https://localhost/","http://localhost:5341/","https://localhost:45341/"]}
{"@t":"2025-12-14T09:09:47.0815118Z","@mt":"Opening event store at {StreamPath}","StreamPath":"/data/Stream/stream.flare","SourceContext":"Seq.Engine.Cluster.NativeStorage"}
{"@t":"2025-12-14T09:09:47.4071431Z","@mt":"Opening metastore {MetastorePath}","MetastorePath":"/data/Documents/metastore.flare","SourceContext":"Seq.Metastore.Native.NativeDocumentStore"}
{"@t":"2025-12-14T09:09:47.6624767Z","@mt":"Storage subsystem available"}
{"@t":"2025-12-14T09:09:47.6892887Z","@mt":"Loaded key {XmlKeyId} with friendly name {FriendlyName}","XmlKeyId":"xmlkey-18","FriendlyName":"key-e459fc86-4a4c-4e91-b555-b4d14d8cced3"}
{"@t":"2025-12-14T09:09:47.7584916Z","@mt":"Ingestion enabled","SourceContext":"Seq.Engine.Cluster.NativeStorage"}
{"@t":"2025-12-14T09:10:48.3279793Z","@sp":"2d70467719988ea1","@tr":"961675729c87a288d41ab5334a296dcd","@mt":"Wrote {IndexSetCount} index sets","IndexSetCount":0,"SourceContext":"Seq.Server.Features.Indexing.EventStoreIndexer"}
{"@t":"2025-12-14T09:10:48.3349247Z","@sp":"2d70467719988ea1","@tr":"961675729c87a288d41ab5334a296dcd","@mt":"Indexing with {Allocated:0.000} ms allowance","@r":["600000.000"],"Allocated":600000,"@st":"2025-12-14T09:10:48.0321226Z","SourceContext":"Seq.Server.Features.Indexing.EventStoreIndexer"}
{"@t":"2025-12-14T09:11:48.0421996Z","@sp":"3ae3c311f8d29b77","@tr":"be5cd96000fa3ae5e25289177630c4d7","@mt":"Wrote {IndexSetCount} index sets","IndexSetCount":0,"SourceContext":"Seq.Server.Features.Indexing.EventStoreIndexer"}
{"@t":"2025-12-14T09:11:48.0427983Z","@sp":"3ae3c311f8d29b77","@tr":"be5cd96000fa3ae5e25289177630c4d7","@mt":"Indexing with {Allocated:0.000} ms allowance","@r":["600000.000"],"Allocated":600000,"@st":"2025-12-14T09:11:48.0190734Z","SourceContext":"Seq.Server.Features.Indexing.EventStoreIndexer"}
{"@t":"2025-12-14T09:12:16.4680109Z","@mt":"Termination signal received"}
{"@t":"2025-12-14T09:12:16.4802177Z","@mt":"Stopping {Tasks} scheduled leader tasks","Tasks":18,"SourceContext":"Seq.Server.Tasks.TaskRunner"}
{"@t":"2025-12-14T09:12:16.4898781Z","@mt":"Stopping input channel","SourceContext":"Seq.Server.Features.Apps.Inputs.InputChannel"}
{"@t":"2025-12-14T09:12:17.1137285Z","@mt":"Shutting down input channel; {AcceptedCount} queued events will be written","AcceptedCount":0,"SourceContext":"Seq.Server.Features.Apps.Inputs.InputChannel"}
{"@t":"2025-12-14T09:12:17.1188296Z","@mt":"Stopping broadcast channel","SourceContext":"Seq.Engine.Broadcast.BroadcastChannel"}
{"@t":"2025-12-14T09:12:17.2455263Z","@mt":"Shutting down broadcast channel with {AllowableFlush} flushable event batches (+{Tolerance} tolerance)","AllowableFlush":0,"Tolerance":15,"SourceContext":"Seq.Engine.Broadcast.BroadcastChannel"}
{"@t":"2025-12-14T09:12:17.2481702Z","@mt":"Stopping alert processor","SourceContext":"Seq.Server.Features.Alerting.AlertProcessor"}
{"@t":"2025-12-14T09:16:21.3105327Z","@mt":"Seq {SeqVersion} running on OS {OSCaption}","SeqVersion":"2025.2.15055","OSCaption":"Ubuntu 22.04.5 LTS","SourceContext":"Seq.Diagnostics.Logging.EnvironmentInformationWriter"}
{"@t":"2025-12-14T09:16:26.0146254Z","@mt":"Seq listening on {ListenUris}","ListenUris":["http://localhost/","https://localhost/","http://localhost:5341/","https://localhost:45341/"]}
{"@t":"2025-12-14T09:16:26.0892666Z","@mt":"Opening event store at {StreamPath}","StreamPath":"/data/Stream/stream.flare","SourceContext":"Seq.Engine.Cluster.NativeStorage"}
{"@t":"2025-12-14T09:16:26.4729633Z","@mt":"Opening metastore {MetastorePath}","MetastorePath":"/data/Documents/metastore.flare","SourceContext":"Seq.Metastore.Native.NativeDocumentStore"}
{"@t":"2025-12-14T09:16:26.7681077Z","@mt":"Storage subsystem available"}
{"@t":"2025-12-14T09:16:26.8121103Z","@mt":"Loaded key {XmlKeyId} with friendly name {FriendlyName}","XmlKeyId":"xmlkey-18","FriendlyName":"key-e459fc86-4a4c-4e91-b555-b4d14d8cced3"}
{"@t":"2025-12-14T09:16:26.9188641Z","@mt":"Ingestion enabled","SourceContext":"Seq.Engine.Cluster.NativeStorage"}
{"@t":"2025-12-14T09:17:27.9387700Z","@sp":"1860c8d2b7a41a05","@tr":"6635a2609600c0a20ead8f10ca301760","@mt":"Wrote {IndexSetCount} index sets","IndexSetCount":0,"SourceContext":"Seq.Server.Features.Indexing.EventStoreIndexer"}
{"@t":"2025-12-14T09:17:27.9478009Z","@sp":"1860c8d2b7a41a05","@tr":"6635a2609600c0a20ead8f10ca301760","@mt":"Indexing with {Allocated:0.000} ms allowance","@r":["600000.000"],"Allocated":600000,"@st":"2025-12-14T09:17:27.4448173Z","SourceContext":"Seq.Server.Features.Indexing.EventStoreIndexer"}
{"@t":"2025-12-14T09:18:27.4499280Z","@sp":"6132a3e22c2c4599","@tr":"1f959a000ff9ff166bea9c984393ae7f","@mt":"Wrote {IndexSetCount} index sets","IndexSetCount":0,"SourceContext":"Seq.Server.Features.Indexing.EventStoreIndexer"}
{"@t":"2025-12-14T09:18:27.4506543Z","@sp":"6132a3e22c2c4599","@tr":"1f959a000ff9ff166bea9c984393ae7f","@mt":"Indexing with {Allocated:0.000} ms allowance","@r":["600000.000"],"Allocated":600000,"@st":"2025-12-14T09:18:27.4320267Z","SourceContext":"Seq.Server.Features.Indexing.EventStoreIndexer"}
{"@t":"2025-12-14T09:19:27.4461990Z","@sp":"aacf936d011abc6a","@tr":"2394e7ce48714c0a8d49d69d1b576267","@mt":"Wrote {IndexSetCount} index sets","IndexSetCount":0,"SourceContext":"Seq.Server.Features.Indexing.EventStoreIndexer"}
{"@t":"2025-12-14T09:19:27.4468605Z","@sp":"aacf936d011abc6a","@tr":"2394e7ce48714c0a8d49d69d1b576267","@mt":"Indexing with {Allocated:0.000} ms allowance","@r":["600000.000"],"Allocated":600000,"@st":"2025-12-14T09:19:27.4323321Z","SourceContext":"Seq.Server.Features.Indexing.EventStoreIndexer"}
{"@t":"2025-12-14T09:20:27.4441442Z","@sp":"1083cf2d2af1e98c","@tr":"2e428635ef6070226ab1d2883f34459e","@mt":"Wrote {IndexSetCount} index sets","IndexSetCount":0,"SourceContext":"Seq.Server.Features.Indexing.EventStoreIndexer"}
{"@t":"2025-12-14T09:20:27.4447360Z","@sp":"1083cf2d2af1e98c","@tr":"2e428635ef6070226ab1d2883f34459e","@mt":"Indexing with {Allocated:0.000} ms allowance","@r":["600000.000"],"Allocated":600000,"@st":"2025-12-14T09:20:27.4320800Z","SourceContext":"Seq.Server.Features.Indexing.EventStoreIndexer"}
{"@t":"2025-12-14T09:20:38.0556686Z","@mt":"Termination signal received"}
{"@t":"2025-12-14T09:20:38.0734913Z","@mt":"Stopping {Tasks} scheduled leader tasks","Tasks":18,"SourceContext":"Seq.Server.Tasks.TaskRunner"}
{"@t":"2025-12-14T09:20:38.0914072Z","@mt":"Stopping input channel","SourceContext":"Seq.Server.Features.Apps.Inputs.InputChannel"}
{"@t":"2025-12-14T09:20:38.6925144Z","@mt":"Shutting down input channel; {AcceptedCount} queued events will be written","AcceptedCount":0,"SourceContext":"Seq.Server.Features.Apps.Inputs.InputChannel"}
{"@t":"2025-12-14T09:20:38.6961055Z","@mt":"Stopping broadcast channel","SourceContext":"Seq.Engine.Broadcast.BroadcastChannel"}
{"@t":"2025-12-14T09:20:39.5141425Z","@mt":"Shutting down broadcast channel with {AllowableFlush} flushable event batches (+{Tolerance} tolerance)","AllowableFlush":0,"Tolerance":15,"SourceContext":"Seq.Engine.Broadcast.BroadcastChannel"}
{"@t":"2025-12-14T09:20:39.5241597Z","@mt":"Stopping alert processor","SourceContext":"Seq.Server.Features.Alerting.AlertProcessor"}
{"@t":"2025-12-14T09:22:14.6602735Z","@mt":"Seq {SeqVersion} running on OS {OSCaption}","SeqVersion":"2025.2.15055","OSCaption":"Ubuntu 22.04.5 LTS","SourceContext":"Seq.Diagnostics.Logging.EnvironmentInformationWriter"}
{"@t":"2025-12-14T09:22:18.9265692Z","@mt":"Seq listening on {ListenUris}","ListenUris":["http://localhost/","https://localhost/","http://localhost:5341/","https://localhost:45341/"]}
{"@t":"2025-12-14T09:22:18.9929269Z","@mt":"Opening event store at {StreamPath}","StreamPath":"/data/Stream/stream.flare","SourceContext":"Seq.Engine.Cluster.NativeStorage"}
{"@t":"2025-12-14T09:22:19.3119312Z","@mt":"Opening metastore {MetastorePath}","MetastorePath":"/data/Documents/metastore.flare","SourceContext":"Seq.Metastore.Native.NativeDocumentStore"}
{"@t":"2025-12-14T09:22:19.6426572Z","@mt":"Storage subsystem available"}
{"@t":"2025-12-14T09:22:19.6817001Z","@mt":"Loaded key {XmlKeyId} with friendly name {FriendlyName}","XmlKeyId":"xmlkey-18","FriendlyName":"key-e459fc86-4a4c-4e91-b555-b4d14d8cced3"}
{"@t":"2025-12-14T09:22:19.7384622Z","@mt":"Ingestion enabled","SourceContext":"Seq.Engine.Cluster.NativeStorage"}
{"@t":"2025-12-14T09:23:20.1934846Z","@sp":"15bd3936766fd8e5","@tr":"cfcff8ee2d83f894823a3c493ac32e41","@mt":"Wrote {IndexSetCount} index sets","IndexSetCount":0,"SourceContext":"Seq.Server.Features.Indexing.EventStoreIndexer"}
{"@t":"2025-12-14T09:23:20.1967892Z","@sp":"15bd3936766fd8e5","@tr":"cfcff8ee2d83f894823a3c493ac32e41","@mt":"Indexing with {Allocated:0.000} ms allowance","@r":["600000.000"],"Allocated":600000,"@st":"2025-12-14T09:23:19.9699696Z","SourceContext":"Seq.Server.Features.Indexing.EventStoreIndexer"}
{"@t":"2025-12-14T09:24:19.9741602Z","@sp":"620fd8a31c6de35b","@tr":"930689abbcff645199cf869a7ddaf5b6","@mt":"Wrote {IndexSetCount} index sets","IndexSetCount":0,"SourceContext":"Seq.Server.Features.Indexing.EventStoreIndexer"}
{"@t":"2025-12-14T09:24:19.9746786Z","@sp":"620fd8a31c6de35b","@tr":"930689abbcff645199cf869a7ddaf5b6","@mt":"Indexing with {Allocated:0.000} ms allowance","@r":["600000.000"],"Allocated":600000,"@st":"2025-12-14T09:24:19.9622528Z","SourceContext":"Seq.Server.Features.Indexing.EventStoreIndexer"}
{"@t":"2025-12-14T09:25:19.9789456Z","@sp":"c311db6693912e01","@tr":"5db3b7b1ed1d66a4d77dc58557d8af6f","@mt":"Wrote {IndexSetCount} index sets","IndexSetCount":0,"SourceContext":"Seq.Server.Features.Indexing.EventStoreIndexer"}
{"@t":"2025-12-14T09:25:19.9793913Z","@sp":"c311db6693912e01","@tr":"5db3b7b1ed1d66a4d77dc58557d8af6f","@mt":"Indexing with {Allocated:0.000} ms allowance","@r":["600000.000"],"Allocated":600000,"@st":"2025-12-14T09:25:19.9634725Z","SourceContext":"Seq.Server.Features.Indexing.EventStoreIndexer"}
{"@t":"2025-12-14T09:26:19.9746446Z","@sp":"9441712dc714d30b","@tr":"4422a29018f7aef5bb5f0b7b6ff67617","@mt":"Wrote {IndexSetCount} index sets","IndexSetCount":0,"SourceContext":"Seq.Server.Features.Indexing.EventStoreIndexer"}
{"@t":"2025-12-14T09:26:19.9751573Z","@sp":"9441712dc714d30b","@tr":"4422a29018f7aef5bb5f0b7b6ff67617","@mt":"Indexing with {Allocated:0.000} ms allowance","@r":["600000.000"],"Allocated":600000,"@st":"2025-12-14T09:26:19.9643462Z","SourceContext":"Seq.Server.Features.Indexing.EventStoreIndexer"}
{"@t":"2025-12-14T09:27:19.9719594Z","@sp":"0f060b9d8142a4f0","@tr":"68d5877bf9182a7b124b5eb3de2bb245","@mt":"Wrote {IndexSetCount} index sets","IndexSetCount":0,"SourceContext":"Seq.Server.Features.Indexing.EventStoreIndexer"}
{"@t":"2025-12-14T09:27:19.9730769Z","@sp":"0f060b9d8142a4f0","@tr":"68d5877bf9182a7b124b5eb3de2bb245","@mt":"Indexing with {Allocated:0.000} ms allowance","@r":["600000.000"],"Allocated":600000,"@st":"2025-12-14T09:27:19.9650502Z","SourceContext":"Seq.Server.Features.Indexing.EventStoreIndexer"}
{"@t":"2025-12-14T09:28:19.9739682Z","@sp":"75d8bc6fe0323eed","@tr":"d93ca7bf312f1f0a9b72e803d11c376a","@mt":"Wrote {IndexSetCount} index sets","IndexSetCount":0,"SourceContext":"Seq.Server.Features.Indexing.EventStoreIndexer"}
{"@t":"2025-12-14T09:28:19.9745727Z","@sp":"75d8bc6fe0323eed","@tr":"d93ca7bf312f1f0a9b72e803d11c376a","@mt":"Indexing with {Allocated:0.000} ms allowance","@r":["600000.000"],"Allocated":600000,"@st":"2025-12-14T09:28:19.9649788Z","SourceContext":"Seq.Server.Features.Indexing.EventStoreIndexer"}
{"@t":"2025-12-14T09:29:19.9782530Z","@sp":"851c9b649aa3809c","@tr":"141a877413949039da70f59e843e1fed","@mt":"Wrote {IndexSetCount} index sets","IndexSetCount":0,"SourceContext":"Seq.Server.Features.Indexing.EventStoreIndexer"}
{"@t":"2025-12-14T09:29:19.9789820Z","@sp":"851c9b649aa3809c","@tr":"141a877413949039da70f59e843e1fed","@mt":"Indexing with {Allocated:0.000} ms allowance","@r":["600000.000"],"Allocated":600000,"@st":"2025-12-14T09:29:19.9654408Z","SourceContext":"Seq.Server.Features.Indexing.EventStoreIndexer"}
{"@t":"2025-12-14T09:29:27.7863605Z","@mt":"Termination signal received"}
{"@t":"2025-12-14T09:29:27.9751587Z","@mt":"Stopping {Tasks} scheduled leader tasks","Tasks":18,"SourceContext":"Seq.Server.Tasks.TaskRunner"}
{"@t":"2025-12-14T09:29:27.9834594Z","@mt":"Stopping input channel","SourceContext":"Seq.Server.Features.Apps.Inputs.InputChannel"}
{"@t":"2025-12-14T09:29:28.2596628Z","@mt":"Shutting down input channel; {AcceptedCount} queued events will be written","AcceptedCount":0,"SourceContext":"Seq.Server.Features.Apps.Inputs.InputChannel"}
{"@t":"2025-12-14T09:29:28.2643646Z","@mt":"Stopping broadcast channel","SourceContext":"Seq.Engine.Broadcast.BroadcastChannel"}
{"@t":"2025-12-14T09:29:28.5139846Z","@mt":"Shutting down broadcast channel with {AllowableFlush} flushable event batches (+{Tolerance} tolerance)","AllowableFlush":0,"Tolerance":15,"SourceContext":"Seq.Engine.Broadcast.BroadcastChannel"}
{"@t":"2025-12-14T09:29:28.5161987Z","@mt":"Stopping alert processor","SourceContext":"Seq.Server.Features.Alerting.AlertProcessor"}
{"@t":"2025-12-14T09:30:15.5030554Z","@mt":"Seq {SeqVersion} running on OS {OSCaption}","SeqVersion":"2025.2.15055","OSCaption":"Ubuntu 22.04.5 LTS","SourceContext":"Seq.Diagnostics.Logging.EnvironmentInformationWriter"}
{"@t":"2025-12-14T09:30:19.2461431Z","@mt":"Seq listening on {ListenUris}","ListenUris":["http://localhost/","https://localhost/","http://localhost:5341/","https://localhost:45341/"]}
{"@t":"2025-12-14T09:30:19.3465886Z","@mt":"Opening event store at {StreamPath}","StreamPath":"/data/Stream/stream.flare","SourceContext":"Seq.Engine.Cluster.NativeStorage"}
{"@t":"2025-12-14T09:30:19.6410901Z","@mt":"Opening metastore {MetastorePath}","MetastorePath":"/data/Documents/metastore.flare","SourceContext":"Seq.Metastore.Native.NativeDocumentStore"}
{"@t":"2025-12-14T09:30:20.0160864Z","@mt":"Storage subsystem available"}
{"@t":"2025-12-14T09:30:20.0656126Z","@mt":"Loaded key {XmlKeyId} with friendly name {FriendlyName}","XmlKeyId":"xmlkey-18","FriendlyName":"key-e459fc86-4a4c-4e91-b555-b4d14d8cced3"}
{"@t":"2025-12-14T09:30:20.1739607Z","@mt":"Ingestion enabled","SourceContext":"Seq.Engine.Cluster.NativeStorage"}
{"@t":"2025-12-14T09:31:20.6526460Z","@sp":"5a94094af57d4197","@tr":"a6e9562122a50e1dbbffb97c808fad9d","@mt":"Wrote {IndexSetCount} index sets","IndexSetCount":0,"SourceContext":"Seq.Server.Features.Indexing.EventStoreIndexer"}
{"@t":"2025-12-14T09:31:20.6570174Z","@sp":"5a94094af57d4197","@tr":"a6e9562122a50e1dbbffb97c808fad9d","@mt":"Indexing with {Allocated:0.000} ms allowance","@r":["600000.000"],"Allocated":600000,"@st":"2025-12-14T09:31:20.4396971Z","SourceContext":"Seq.Server.Features.Indexing.EventStoreIndexer"}
{"@t":"2025-12-14T09:32:20.3930081Z","@sp":"0df9c96844a26e7a","@tr":"dfff57486d14b4fa2eeb70f6a22c863d","@mt":"Wrote {IndexSetCount} index sets","IndexSetCount":0,"SourceContext":"Seq.Server.Features.Indexing.EventStoreIndexer"}
{"@t":"2025-12-14T09:32:20.3937390Z","@sp":"0df9c96844a26e7a","@tr":"dfff57486d14b4fa2eeb70f6a22c863d","@mt":"Indexing with {Allocated:0.000} ms allowance","@r":["600000.000"],"Allocated":600000,"@st":"2025-12-14T09:32:20.3844597Z","SourceContext":"Seq.Server.Features.Indexing.EventStoreIndexer"}
{"@t":"2025-12-14T09:33:20.3953184Z","@sp":"5881ff10137c2109","@tr":"788c7c18dc18482b16e0f9bccfb2bffc","@mt":"Wrote {IndexSetCount} index sets","IndexSetCount":0,"SourceContext":"Seq.Server.Features.Indexing.EventStoreIndexer"}
{"@t":"2025-12-14T09:33:20.3958606Z","@sp":"5881ff10137c2109","@tr":"788c7c18dc18482b16e0f9bccfb2bffc","@mt":"Indexing with {Allocated:0.000} ms allowance","@r":["600000.000"],"Allocated":600000,"@st":"2025-12-14T09:33:20.3853990Z","SourceContext":"Seq.Server.Features.Indexing.EventStoreIndexer"}
{"@t":"2025-12-14T09:33:39.7398339Z","@mt":"Termination signal received"}
{"@t":"2025-12-14T09:33:40.0647742Z","@mt":"Stopping {Tasks} scheduled leader tasks","Tasks":18,"SourceContext":"Seq.Server.Tasks.TaskRunner"}
{"@t":"2025-12-14T09:33:40.0736183Z","@mt":"Stopping input channel","SourceContext":"Seq.Server.Features.Apps.Inputs.InputChannel"}
{"@t":"2025-12-14T09:33:40.5715729Z","@mt":"Shutting down input channel; {AcceptedCount} queued events will be written","AcceptedCount":0,"SourceContext":"Seq.Server.Features.Apps.Inputs.InputChannel"}
{"@t":"2025-12-14T09:33:40.5758605Z","@mt":"Stopping broadcast channel","SourceContext":"Seq.Engine.Broadcast.BroadcastChannel"}
{"@t":"2025-12-14T09:33:41.0229390Z","@mt":"Shutting down broadcast channel with {AllowableFlush} flushable event batches (+{Tolerance} tolerance)","AllowableFlush":0,"Tolerance":15,"SourceContext":"Seq.Engine.Broadcast.BroadcastChannel"}
{"@t":"2025-12-14T09:33:41.0435033Z","@mt":"Stopping alert processor","SourceContext":"Seq.Server.Features.Alerting.AlertProcessor"}
{"@t":"2025-12-14T09:33:41.9350680Z","@mt":"Server stopped cleanly"}
{"@t":"2025-12-14T09:35:26.9334531Z","@mt":"Seq {SeqVersion} running on OS {OSCaption}","SeqVersion":"2025.2.15055","OSCaption":"Ubuntu 22.04.5 LTS","SourceContext":"Seq.Diagnostics.Logging.EnvironmentInformationWriter"}
{"@t":"2025-12-14T09:35:32.0088910Z","@mt":"Seq listening on {ListenUris}","ListenUris":["http://localhost/","https://localhost/","http://localhost:5341/","https://localhost:45341/"]}
{"@t":"2025-12-14T09:35:32.0735619Z","@mt":"Opening event store at {StreamPath}","StreamPath":"/data/Stream/stream.flare","SourceContext":"Seq.Engine.Cluster.NativeStorage"}
{"@t":"2025-12-14T09:35:32.4359986Z","@mt":"Opening metastore {MetastorePath}","MetastorePath":"/data/Documents/metastore.flare","SourceContext":"Seq.Metastore.Native.NativeDocumentStore"}
{"@t":"2025-12-14T09:35:32.9623518Z","@mt":"Storage subsystem available"}
{"@t":"2025-12-14T09:35:32.9940857Z","@mt":"Loaded key {XmlKeyId} with friendly name {FriendlyName}","XmlKeyId":"xmlkey-18","FriendlyName":"key-e459fc86-4a4c-4e91-b555-b4d14d8cced3"}
{"@t":"2025-12-14T09:35:33.0576189Z","@mt":"Ingestion enabled","SourceContext":"Seq.Engine.Cluster.NativeStorage"}
{"@t":"2025-12-14T09:36:34.0188238Z","@sp":"afd1dcb4d9543acb","@tr":"fc687ba1c28234db5ef004423dcd938f","@mt":"Wrote {IndexSetCount} index sets","IndexSetCount":0,"SourceContext":"Seq.Server.Features.Indexing.EventStoreIndexer"}
{"@t":"2025-12-14T09:36:34.0549112Z","@sp":"afd1dcb4d9543acb","@tr":"fc687ba1c28234db5ef004423dcd938f","@mt":"Indexing with {Allocated:0.000} ms allowance","@r":["600000.000"],"Allocated":600000,"@st":"2025-12-14T09:36:33.4765744Z","SourceContext":"Seq.Server.Features.Indexing.EventStoreIndexer"}
{"@t":"2025-12-14T09:37:33.4606615Z","@sp":"df137310c1b20390","@tr":"9be120b40728273b822698fe851431c3","@mt":"Wrote {IndexSetCount} index sets","IndexSetCount":0,"SourceContext":"Seq.Server.Features.Indexing.EventStoreIndexer"}
{"@t":"2025-12-14T09:37:33.4679216Z","@sp":"df137310c1b20390","@tr":"9be120b40728273b822698fe851431c3","@mt":"Indexing with {Allocated:0.000} ms allowance","@r":["600000.000"],"Allocated":600000,"@st":"2025-12-14T09:37:33.4494598Z","SourceContext":"Seq.Server.Features.Indexing.EventStoreIndexer"}
{"@t":"2025-12-14T09:38:33.4638074Z","@sp":"4b2d3b7a200f34f3","@tr":"6ecc2eec1ca16e315cf60c4e54d05c96","@mt":"Wrote {IndexSetCount} index sets","IndexSetCount":0,"SourceContext":"Seq.Server.Features.Indexing.EventStoreIndexer"}
{"@t":"2025-12-14T09:38:33.4644768Z","@sp":"4b2d3b7a200f34f3","@tr":"6ecc2eec1ca16e315cf60c4e54d05c96","@mt":"Indexing with {Allocated:0.000} ms allowance","@r":["600000.000"],"Allocated":600000,"@st":"2025-12-14T09:38:33.4484498Z","SourceContext":"Seq.Server.Features.Indexing.EventStoreIndexer"}
{"@t":"2025-12-14T09:38:49.4281071Z","@mt":"Termination signal received"}
{"@t":"2025-12-14T09:38:49.4542163Z","@mt":"Stopping {Tasks} scheduled leader tasks","Tasks":18,"SourceContext":"Seq.Server.Tasks.TaskRunner"}
{"@t":"2025-12-14T09:38:49.4738467Z","@mt":"Stopping input channel","SourceContext":"Seq.Server.Features.Apps.Inputs.InputChannel"}
{"@t":"2025-12-14T09:38:50.3946020Z","@mt":"Shutting down input channel; {AcceptedCount} queued events will be written","AcceptedCount":0,"SourceContext":"Seq.Server.Features.Apps.Inputs.InputChannel"}
{"@t":"2025-12-14T09:38:50.4007914Z","@mt":"Stopping broadcast channel","SourceContext":"Seq.Engine.Broadcast.BroadcastChannel"}
{"@t":"2025-12-14T09:38:50.5260286Z","@mt":"Shutting down broadcast channel with {AllowableFlush} flushable event batches (+{Tolerance} tolerance)","AllowableFlush":0,"Tolerance":15,"SourceContext":"Seq.Engine.Broadcast.BroadcastChannel"}
{"@t":"2025-12-14T09:38:50.5292973Z","@mt":"Stopping alert processor","SourceContext":"Seq.Server.Features.Alerting.AlertProcessor"}
{"@t":"2025-12-14T09:39:32.0477958Z","@mt":"Seq {SeqVersion} running on OS {OSCaption}","SeqVersion":"2025.2.15055","OSCaption":"Ubuntu 22.04.5 LTS","SourceContext":"Seq.Diagnostics.Logging.EnvironmentInformationWriter"}
{"@t":"2025-12-14T09:39:37.4401349Z","@mt":"Seq listening on {ListenUris}","ListenUris":["http://localhost/","https://localhost/","http://localhost:5341/","https://localhost:45341/"]}
{"@t":"2025-12-14T09:39:37.6393082Z","@mt":"Opening event store at {StreamPath}","StreamPath":"/data/Stream/stream.flare","SourceContext":"Seq.Engine.Cluster.NativeStorage"}
{"@t":"2025-12-14T09:39:38.3285713Z","@mt":"Opening metastore {MetastorePath}","MetastorePath":"/data/Documents/metastore.flare","SourceContext":"Seq.Metastore.Native.NativeDocumentStore"}
{"@t":"2025-12-14T09:39:38.8148368Z","@mt":"Storage subsystem available"}
{"@t":"2025-12-14T09:39:38.8667184Z","@mt":"Loaded key {XmlKeyId} with friendly name {FriendlyName}","XmlKeyId":"xmlkey-18","FriendlyName":"key-e459fc86-4a4c-4e91-b555-b4d14d8cced3"}
{"@t":"2025-12-14T09:39:38.9857404Z","@mt":"Ingestion enabled","SourceContext":"Seq.Engine.Cluster.NativeStorage"}
{"@t":"2025-12-14T09:40:39.8560650Z","@sp":"95e7ef1a85df3663","@tr":"32421e140ab6d1c059c8ece901ec4a29","@mt":"Wrote {IndexSetCount} index sets","IndexSetCount":0,"SourceContext":"Seq.Server.Features.Indexing.EventStoreIndexer"}
{"@t":"2025-12-14T09:40:39.8664325Z","@sp":"95e7ef1a85df3663","@tr":"32421e140ab6d1c059c8ece901ec4a29","@mt":"Indexing with {Allocated:0.000} ms allowance","@r":["600000.000"],"Allocated":600000,"@st":"2025-12-14T09:40:39.3026224Z","SourceContext":"Seq.Server.Features.Indexing.EventStoreIndexer"}
{"@t":"2025-12-14T09:41:39.3046295Z","@sp":"7a608e0864ab5614","@tr":"4e3cf92e199aa545da891fde2efec7c5","@mt":"Wrote {IndexSetCount} index sets","IndexSetCount":0,"SourceContext":"Seq.Server.Features.Indexing.EventStoreIndexer"}
{"@t":"2025-12-14T09:41:39.3060302Z","@sp":"7a608e0864ab5614","@tr":"4e3cf92e199aa545da891fde2efec7c5","@mt":"Indexing with {Allocated:0.000} ms allowance","@r":["600000.000"],"Allocated":600000,"@st":"2025-12-14T09:41:39.2957304Z","SourceContext":"Seq.Server.Features.Indexing.EventStoreIndexer"}
{"@t":"2025-12-14T09:42:39.3167279Z","@sp":"799c2e410b6496df","@tr":"4f90559a92af32f3c7153c3f9c505b1d","@mt":"Wrote {IndexSetCount} index sets","IndexSetCount":0,"SourceContext":"Seq.Server.Features.Indexing.EventStoreIndexer"}
{"@t":"2025-12-14T09:42:39.3179619Z","@sp":"799c2e410b6496df","@tr":"4f90559a92af32f3c7153c3f9c505b1d","@mt":"Indexing with {Allocated:0.000} ms allowance","@r":["600000.000"],"Allocated":600000,"@st":"2025-12-14T09:42:39.3001907Z","SourceContext":"Seq.Server.Features.Indexing.EventStoreIndexer"}
{"@t":"2025-12-14T09:43:39.3053420Z","@sp":"c80eb3608246afcb","@tr":"9ce31bbada4530735ab48b558128af70","@mt":"Wrote {IndexSetCount} index sets","IndexSetCount":0,"SourceContext":"Seq.Server.Features.Indexing.EventStoreIndexer"}
{"@t":"2025-12-14T09:43:39.3058304Z","@sp":"c80eb3608246afcb","@tr":"9ce31bbada4530735ab48b558128af70","@mt":"Indexing with {Allocated:0.000} ms allowance","@r":["600000.000"],"Allocated":600000,"@st":"2025-12-14T09:43:39.2978686Z","SourceContext":"Seq.Server.Features.Indexing.EventStoreIndexer"}
{"@t":"2025-12-14T09:44:37.1009519Z","@mt":"Termination signal received"}
{"@t":"2025-12-14T09:44:37.1215088Z","@mt":"Stopping {Tasks} scheduled leader tasks","Tasks":18,"SourceContext":"Seq.Server.Tasks.TaskRunner"}
{"@t":"2025-12-14T09:44:37.1723918Z","@mt":"Stopping input channel","SourceContext":"Seq.Server.Features.Apps.Inputs.InputChannel"}
{"@t":"2025-12-14T09:44:37.8903368Z","@mt":"Shutting down input channel; {AcceptedCount} queued events will be written","AcceptedCount":0,"SourceContext":"Seq.Server.Features.Apps.Inputs.InputChannel"}
{"@t":"2025-12-14T09:44:38.0629612Z","@mt":"Stopping broadcast channel","SourceContext":"Seq.Engine.Broadcast.BroadcastChannel"}
{"@t":"2025-12-14T09:44:38.9380448Z","@mt":"Shutting down broadcast channel with {AllowableFlush} flushable event batches (+{Tolerance} tolerance)","AllowableFlush":0,"Tolerance":15,"SourceContext":"Seq.Engine.Broadcast.BroadcastChannel"}
{"@t":"2025-12-14T09:44:38.9411624Z","@mt":"Stopping alert processor","SourceContext":"Seq.Server.Features.Alerting.AlertProcessor"}
{"@t":"2025-12-14T09:44:39.0829608Z","@mt":"Server stopped cleanly"}
